<?xml version="1.0" encoding="UTF-8"?>
<testsuite name="com.weno.board.web.HelloControllerTest" tests="1" skipped="0" failures="0" errors="0" timestamp="2020-05-05T15:43:23" hostname="weno" time="0.243">
  <properties/>
  <testcase name="hello" classname="com.weno.board.web.HelloControllerTest" time="0.243"/>
  <system-out><![CDATA[00:43:18.563 [Test worker] DEBUG org.springframework.test.context.junit4.SpringJUnit4ClassRunner - SpringJUnit4ClassRunner constructor called with [class com.weno.board.web.HelloControllerTest]
00:43:18.579 [Test worker] DEBUG org.springframework.test.context.BootstrapUtils - Instantiating CacheAwareContextLoaderDelegate from class [org.springframework.test.context.cache.DefaultCacheAwareContextLoaderDelegate]
00:43:18.591 [Test worker] DEBUG org.springframework.test.context.BootstrapUtils - Instantiating BootstrapContext using constructor [public org.springframework.test.context.support.DefaultBootstrapContext(java.lang.Class,org.springframework.test.context.CacheAwareContextLoaderDelegate)]
00:43:18.611 [Test worker] DEBUG org.springframework.test.context.BootstrapUtils - Instantiating TestContextBootstrapper for test class [com.weno.board.web.HelloControllerTest] from class [org.springframework.boot.test.autoconfigure.web.servlet.WebMvcTestContextBootstrapper]
00:43:18.628 [Test worker] INFO org.springframework.boot.test.autoconfigure.web.servlet.WebMvcTestContextBootstrapper - Neither @ContextConfiguration nor @ContextHierarchy found for test class [com.weno.board.web.HelloControllerTest], using SpringBootContextLoader
00:43:18.632 [Test worker] DEBUG org.springframework.test.context.support.AbstractContextLoader - Did not detect default resource location for test class [com.weno.board.web.HelloControllerTest]: class path resource [com/weno/board/web/HelloControllerTest-context.xml] does not exist
00:43:18.633 [Test worker] DEBUG org.springframework.test.context.support.AbstractContextLoader - Did not detect default resource location for test class [com.weno.board.web.HelloControllerTest]: class path resource [com/weno/board/web/HelloControllerTestContext.groovy] does not exist
00:43:18.633 [Test worker] INFO org.springframework.test.context.support.AbstractContextLoader - Could not detect default resource locations for test class [com.weno.board.web.HelloControllerTest]: no resource found for suffixes {-context.xml, Context.groovy}.
00:43:18.634 [Test worker] INFO org.springframework.test.context.support.AnnotationConfigContextLoaderUtils - Could not detect default configuration classes for test class [com.weno.board.web.HelloControllerTest]: HelloControllerTest does not declare any static, non-private, non-final, nested classes annotated with @Configuration.
00:43:18.723 [Test worker] DEBUG org.springframework.test.context.support.ActiveProfilesUtils - Could not find an 'annotation declaring class' for annotation type [org.springframework.test.context.ActiveProfiles] and class [com.weno.board.web.HelloControllerTest]
00:43:18.842 [Test worker] DEBUG org.springframework.context.annotation.ClassPathScanningCandidateComponentProvider - Identified candidate component class: file [/home/weno/IdeaProjects/SpringbootAwsTest/build/classes/java/main/com/weno/board/Application.class]
00:43:18.844 [Test worker] INFO org.springframework.boot.test.context.SpringBootTestContextBootstrapper - Found @SpringBootConfiguration com.weno.board.Application for test class com.weno.board.web.HelloControllerTest
00:43:18.847 [Test worker] DEBUG org.springframework.boot.test.autoconfigure.web.servlet.WebMvcTestContextBootstrapper - @TestExecutionListeners is not present for class [com.weno.board.web.HelloControllerTest]: using defaults.
00:43:18.848 [Test worker] INFO org.springframework.boot.test.autoconfigure.web.servlet.WebMvcTestContextBootstrapper - Loaded default TestExecutionListener class names from location [META-INF/spring.factories]: [org.springframework.security.test.context.support.WithSecurityContextTestExecutionListener, org.springframework.security.test.context.support.ReactorContextTestExecutionListener, org.springframework.boot.test.autoconfigure.restdocs.RestDocsTestExecutionListener, org.springframework.boot.test.autoconfigure.web.client.MockRestServiceServerResetTestExecutionListener, org.springframework.boot.test.autoconfigure.web.servlet.MockMvcPrintOnlyOnFailureTestExecutionListener, org.springframework.boot.test.autoconfigure.web.servlet.WebDriverTestExecutionListener, org.springframework.boot.test.mock.mockito.MockitoTestExecutionListener, org.springframework.boot.test.mock.mockito.ResetMocksTestExecutionListener, org.springframework.test.context.web.ServletTestExecutionListener, org.springframework.test.context.support.DirtiesContextBeforeModesTestExecutionListener, org.springframework.test.context.support.DependencyInjectionTestExecutionListener, org.springframework.test.context.support.DirtiesContextTestExecutionListener, org.springframework.test.context.transaction.TransactionalTestExecutionListener, org.springframework.test.context.jdbc.SqlScriptsTestExecutionListener]
00:43:18.876 [Test worker] INFO org.springframework.boot.test.autoconfigure.web.servlet.WebMvcTestContextBootstrapper - Using TestExecutionListeners: [org.springframework.test.context.web.ServletTestExecutionListener@2f7c2b4e, org.springframework.test.context.support.DirtiesContextBeforeModesTestExecutionListener@21e9799f, org.springframework.boot.test.mock.mockito.MockitoTestExecutionListener@296794a9, org.springframework.boot.test.autoconfigure.SpringBootDependencyInjectionTestExecutionListener@65a1380a, org.springframework.test.context.support.DirtiesContextTestExecutionListener@2b4959ab, org.springframework.test.context.transaction.TransactionalTestExecutionListener@4106f8dc, org.springframework.test.context.jdbc.SqlScriptsTestExecutionListener@54d1ee89, org.springframework.security.test.context.support.WithSecurityContextTestExecutionListener@385ced71, org.springframework.security.test.context.support.ReactorContextTestExecutionListener@59b97fd0, org.springframework.boot.test.autoconfigure.restdocs.RestDocsTestExecutionListener@2f0fbc23, org.springframework.boot.test.autoconfigure.web.client.MockRestServiceServerResetTestExecutionListener@7471aaed, org.springframework.boot.test.autoconfigure.web.servlet.MockMvcPrintOnlyOnFailureTestExecutionListener@2b19f677, org.springframework.boot.test.autoconfigure.web.servlet.WebDriverTestExecutionListener@394c4b3b, org.springframework.boot.test.mock.mockito.ResetMocksTestExecutionListener@6b700695]
00:43:18.880 [Test worker] DEBUG org.springframework.test.annotation.ProfileValueUtils - Retrieved @ProfileValueSourceConfiguration [null] for test class [com.weno.board.web.HelloControllerTest]
00:43:18.881 [Test worker] DEBUG org.springframework.test.annotation.ProfileValueUtils - Retrieved ProfileValueSource type [class org.springframework.test.annotation.SystemProfileValueSource] for class [com.weno.board.web.HelloControllerTest]
00:43:18.885 [Test worker] DEBUG org.springframework.test.annotation.ProfileValueUtils - Retrieved @ProfileValueSourceConfiguration [null] for test class [com.weno.board.web.HelloControllerTest]
00:43:18.885 [Test worker] DEBUG org.springframework.test.annotation.ProfileValueUtils - Retrieved ProfileValueSource type [class org.springframework.test.annotation.SystemProfileValueSource] for class [com.weno.board.web.HelloControllerTest]
00:43:18.886 [Test worker] DEBUG org.springframework.test.annotation.ProfileValueUtils - Retrieved @ProfileValueSourceConfiguration [null] for test class [com.weno.board.web.HelloControllerTest]
00:43:18.886 [Test worker] DEBUG org.springframework.test.annotation.ProfileValueUtils - Retrieved ProfileValueSource type [class org.springframework.test.annotation.SystemProfileValueSource] for class [com.weno.board.web.HelloControllerTest]
00:43:18.892 [Test worker] DEBUG org.springframework.test.context.support.AbstractDirtiesContextTestExecutionListener - Before test class: context [DefaultTestContext@70747230 testClass = HelloControllerTest, testInstance = [null], testMethod = [null], testException = [null], mergedContextConfiguration = [WebMergedContextConfiguration@2a7f82d testClass = HelloControllerTest, locations = '{}', classes = '{class com.weno.board.Application}', contextInitializerClasses = '[]', activeProfiles = '{}', propertySourceLocations = '{}', propertySourceProperties = '{org.springframework.boot.test.autoconfigure.web.servlet.WebMvcTestContextBootstrapper=true}', contextCustomizers = set[org.springframework.boot.test.autoconfigure.OverrideAutoConfigurationContextCustomizerFactory$DisableAutoConfigurationContextCustomizer@72e31d8f, org.springframework.boot.test.autoconfigure.filter.TypeExcludeFiltersContextCustomizer@e0bf228a, org.springframework.boot.test.autoconfigure.properties.PropertyMappingContextCustomizer@b1cabbc8, org.springframework.boot.test.autoconfigure.web.servlet.WebDriverContextCustomizerFactory$Customizer@72f3ad5b, [ImportsContextCustomizer@5f7cc66 key = [org.springframework.boot.autoconfigure.cache.CacheAutoConfiguration, org.springframework.boot.autoconfigure.context.MessageSourceAutoConfiguration, org.springframework.boot.autoconfigure.data.web.SpringDataWebAutoConfiguration, org.springframework.boot.autoconfigure.freemarker.FreeMarkerAutoConfiguration, org.springframework.boot.autoconfigure.groovy.template.GroovyTemplateAutoConfiguration, org.springframework.boot.autoconfigure.gson.GsonAutoConfiguration, org.springframework.boot.autoconfigure.hateoas.HypermediaAutoConfiguration, org.springframework.boot.autoconfigure.http.HttpMessageConvertersAutoConfiguration, org.springframework.boot.autoconfigure.jackson.JacksonAutoConfiguration, org.springframework.boot.autoconfigure.jsonb.JsonbAutoConfiguration, org.springframework.boot.autoconfigure.mustache.MustacheAutoConfiguration, org.springframework.boot.autoconfigure.task.TaskExecutionAutoConfiguration, org.springframework.boot.autoconfigure.thymeleaf.ThymeleafAutoConfiguration, org.springframework.boot.autoconfigure.validation.ValidationAutoConfiguration, org.springframework.boot.autoconfigure.web.servlet.error.ErrorMvcAutoConfiguration, org.springframework.boot.autoconfigure.web.servlet.WebMvcAutoConfiguration, org.springframework.boot.test.autoconfigure.web.servlet.MockMvcAutoConfiguration, org.springframework.boot.test.autoconfigure.web.servlet.MockMvcSecurityAutoConfiguration, org.springframework.boot.test.autoconfigure.web.servlet.MockMvcWebClientAutoConfiguration, org.springframework.boot.test.autoconfigure.web.servlet.MockMvcWebDriverAutoConfiguration]], org.springframework.boot.test.context.filter.ExcludeFilterContextCustomizer@16e8fa45, org.springframework.boot.test.json.DuplicateJsonObjectContextCustomizerFactory$DuplicateJsonObjectContextCustomizer@39a77e91, org.springframework.boot.test.mock.mockito.MockitoContextCustomizer@0], resourceBasePath = 'src/main/webapp', contextLoader = 'org.springframework.boot.test.context.SpringBootContextLoader', parent = [null]], attributes = map[[empty]]], class annotated with @DirtiesContext [false] with mode [null].
00:43:18.895 [Test worker] DEBUG org.springframework.test.annotation.ProfileValueUtils - Retrieved @ProfileValueSourceConfiguration [null] for test class [com.weno.board.web.HelloControllerTest]
00:43:18.895 [Test worker] DEBUG org.springframework.test.annotation.ProfileValueUtils - Retrieved ProfileValueSource type [class org.springframework.test.annotation.SystemProfileValueSource] for class [com.weno.board.web.HelloControllerTest]
00:43:18.900 [Test worker] DEBUG org.springframework.test.context.support.DependencyInjectionTestExecutionListener - Performing dependency injection for test context [[DefaultTestContext@70747230 testClass = HelloControllerTest, testInstance = com.weno.board.web.HelloControllerTest@1f3bb164, testMethod = [null], testException = [null], mergedContextConfiguration = [WebMergedContextConfiguration@2a7f82d testClass = HelloControllerTest, locations = '{}', classes = '{class com.weno.board.Application}', contextInitializerClasses = '[]', activeProfiles = '{}', propertySourceLocations = '{}', propertySourceProperties = '{org.springframework.boot.test.autoconfigure.web.servlet.WebMvcTestContextBootstrapper=true}', contextCustomizers = set[org.springframework.boot.test.autoconfigure.OverrideAutoConfigurationContextCustomizerFactory$DisableAutoConfigurationContextCustomizer@72e31d8f, org.springframework.boot.test.autoconfigure.filter.TypeExcludeFiltersContextCustomizer@e0bf228a, org.springframework.boot.test.autoconfigure.properties.PropertyMappingContextCustomizer@b1cabbc8, org.springframework.boot.test.autoconfigure.web.servlet.WebDriverContextCustomizerFactory$Customizer@72f3ad5b, [ImportsContextCustomizer@5f7cc66 key = [org.springframework.boot.autoconfigure.cache.CacheAutoConfiguration, org.springframework.boot.autoconfigure.context.MessageSourceAutoConfiguration, org.springframework.boot.autoconfigure.data.web.SpringDataWebAutoConfiguration, org.springframework.boot.autoconfigure.freemarker.FreeMarkerAutoConfiguration, org.springframework.boot.autoconfigure.groovy.template.GroovyTemplateAutoConfiguration, org.springframework.boot.autoconfigure.gson.GsonAutoConfiguration, org.springframework.boot.autoconfigure.hateoas.HypermediaAutoConfiguration, org.springframework.boot.autoconfigure.http.HttpMessageConvertersAutoConfiguration, org.springframework.boot.autoconfigure.jackson.JacksonAutoConfiguration, org.springframework.boot.autoconfigure.jsonb.JsonbAutoConfiguration, org.springframework.boot.autoconfigure.mustache.MustacheAutoConfiguration, org.springframework.boot.autoconfigure.task.TaskExecutionAutoConfiguration, org.springframework.boot.autoconfigure.thymeleaf.ThymeleafAutoConfiguration, org.springframework.boot.autoconfigure.validation.ValidationAutoConfiguration, org.springframework.boot.autoconfigure.web.servlet.error.ErrorMvcAutoConfiguration, org.springframework.boot.autoconfigure.web.servlet.WebMvcAutoConfiguration, org.springframework.boot.test.autoconfigure.web.servlet.MockMvcAutoConfiguration, org.springframework.boot.test.autoconfigure.web.servlet.MockMvcSecurityAutoConfiguration, org.springframework.boot.test.autoconfigure.web.servlet.MockMvcWebClientAutoConfiguration, org.springframework.boot.test.autoconfigure.web.servlet.MockMvcWebDriverAutoConfiguration]], org.springframework.boot.test.context.filter.ExcludeFilterContextCustomizer@16e8fa45, org.springframework.boot.test.json.DuplicateJsonObjectContextCustomizerFactory$DuplicateJsonObjectContextCustomizer@39a77e91, org.springframework.boot.test.mock.mockito.MockitoContextCustomizer@0], resourceBasePath = 'src/main/webapp', contextLoader = 'org.springframework.boot.test.context.SpringBootContextLoader', parent = [null]], attributes = map[[empty]]]].
00:43:19.080 [Test worker] DEBUG org.springframework.test.context.support.TestPropertySourceUtils - Adding inlined properties to environment: {spring.jmx.enabled=false, org.springframework.boot.test.autoconfigure.web.servlet.WebMvcTestContextBootstrapper=true, server.port=-1}

  .   ____          _            __ _ _
 /\\ / ___'_ __ _ _(_)_ __  __ _ \ \ \ \
( ( )\___ | '_ | '_| | '_ \/ _` | \ \ \ \
 \\/  ___)| |_)| | | | | || (_| |  ) ) ) )
  '  |____| .__|_| |_|_| |_\__, | / / / /
 =========|_|==============|___/=/_/_/_/
 :: Spring Boot ::        (v2.1.7.RELEASE)

2020-05-06 00:43:19.570  INFO 7568 --- [    Test worker] com.weno.board.web.HelloControllerTest   : Starting HelloControllerTest on weno with PID 7568 (started by weno in /home/weno/IdeaProjects/SpringbootAwsTest)
2020-05-06 00:43:19.590  INFO 7568 --- [    Test worker] com.weno.board.web.HelloControllerTest   : No active profile set, falling back to default profiles: default
2020-05-06 00:43:21.937  INFO 7568 --- [    Test worker] o.s.s.concurrent.ThreadPoolTaskExecutor  : Initializing ExecutorService 'applicationTaskExecutor'
2020-05-06 00:43:22.083  INFO 7568 --- [    Test worker] o.s.b.a.w.s.WelcomePageHandlerMapping    : Adding welcome page template: index
2020-05-06 00:43:22.491  INFO 7568 --- [    Test worker] .s.s.UserDetailsServiceAutoConfiguration : 

Using generated security password: 023b2420-9381-4d31-9079-01032cf93733

2020-05-06 00:43:22.835  INFO 7568 --- [    Test worker] o.s.s.web.DefaultSecurityFilterChain     : Creating filter chain: any request, [org.springframework.security.web.context.request.async.WebAsyncManagerIntegrationFilter@4049b513, org.springframework.security.web.context.SecurityContextPersistenceFilter@4026a9c9, org.springframework.security.web.header.HeaderWriterFilter@68243883, org.springframework.security.web.csrf.CsrfFilter@7d6d529d, org.springframework.security.web.authentication.logout.LogoutFilter@1d59eec5, org.springframework.security.web.authentication.UsernamePasswordAuthenticationFilter@1d5c68ca, org.springframework.security.web.authentication.ui.DefaultLoginPageGeneratingFilter@40480481, org.springframework.security.web.authentication.ui.DefaultLogoutPageGeneratingFilter@562cdeed, org.springframework.security.web.authentication.www.BasicAuthenticationFilter@7cf46a7c, org.springframework.security.web.savedrequest.RequestCacheAwareFilter@5b103808, org.springframework.security.web.servletapi.SecurityContextHolderAwareRequestFilter@2a5644e9, org.springframework.security.web.authentication.AnonymousAuthenticationFilter@565ca1a6, org.springframework.security.web.session.SessionManagementFilter@52fe928e, org.springframework.security.web.access.ExceptionTranslationFilter@714b7529, org.springframework.security.web.access.intercept.FilterSecurityInterceptor@2e4c04ed]
2020-05-06 00:43:22.895  INFO 7568 --- [    Test worker] o.s.b.t.m.w.SpringBootMockServletContext : Initializing Spring TestDispatcherServlet ''
2020-05-06 00:43:22.895  INFO 7568 --- [    Test worker] o.s.t.web.servlet.TestDispatcherServlet  : Initializing Servlet ''
2020-05-06 00:43:22.914  INFO 7568 --- [    Test worker] o.s.t.web.servlet.TestDispatcherServlet  : Completed initialization in 18 ms
2020-05-06 00:43:23.021  INFO 7568 --- [    Test worker] com.weno.board.web.HelloControllerTest   : Started HelloControllerTest in 3.931 seconds (JVM running for 5.319)
]]></system-out>
  <system-err><![CDATA[]]></system-err>
</testsuite>
