<?xml version="1.0" encoding="UTF-8"?>
<testsuite name="com.weno.board.web.HelloControllerTest" tests="2" skipped="0" failures="0" errors="0" timestamp="2020-05-03T03:14:18" hostname="weno" time="0.339">
  <properties/>
  <testcase name="hello" classname="com.weno.board.web.HelloControllerTest" time="0.249"/>
  <testcase name="getHelloDto" classname="com.weno.board.web.HelloControllerTest" time="0.089"/>
  <system-out><![CDATA[12:14:15.317 [Test worker] DEBUG org.springframework.test.context.junit4.SpringJUnit4ClassRunner - SpringJUnit4ClassRunner constructor called with [class com.weno.board.web.HelloControllerTest]
12:14:15.327 [Test worker] DEBUG org.springframework.test.context.BootstrapUtils - Instantiating CacheAwareContextLoaderDelegate from class [org.springframework.test.context.cache.DefaultCacheAwareContextLoaderDelegate]
12:14:15.335 [Test worker] DEBUG org.springframework.test.context.BootstrapUtils - Instantiating BootstrapContext using constructor [public org.springframework.test.context.support.DefaultBootstrapContext(java.lang.Class,org.springframework.test.context.CacheAwareContextLoaderDelegate)]
12:14:15.354 [Test worker] DEBUG org.springframework.test.context.BootstrapUtils - Instantiating TestContextBootstrapper for test class [com.weno.board.web.HelloControllerTest] from class [org.springframework.boot.test.autoconfigure.web.servlet.WebMvcTestContextBootstrapper]
12:14:15.369 [Test worker] INFO org.springframework.boot.test.autoconfigure.web.servlet.WebMvcTestContextBootstrapper - Neither @ContextConfiguration nor @ContextHierarchy found for test class [com.weno.board.web.HelloControllerTest], using SpringBootContextLoader
12:14:15.372 [Test worker] DEBUG org.springframework.test.context.support.AbstractContextLoader - Did not detect default resource location for test class [com.weno.board.web.HelloControllerTest]: class path resource [com/weno/board/web/HelloControllerTest-context.xml] does not exist
12:14:15.372 [Test worker] DEBUG org.springframework.test.context.support.AbstractContextLoader - Did not detect default resource location for test class [com.weno.board.web.HelloControllerTest]: class path resource [com/weno/board/web/HelloControllerTestContext.groovy] does not exist
12:14:15.373 [Test worker] INFO org.springframework.test.context.support.AbstractContextLoader - Could not detect default resource locations for test class [com.weno.board.web.HelloControllerTest]: no resource found for suffixes {-context.xml, Context.groovy}.
12:14:15.374 [Test worker] INFO org.springframework.test.context.support.AnnotationConfigContextLoaderUtils - Could not detect default configuration classes for test class [com.weno.board.web.HelloControllerTest]: HelloControllerTest does not declare any static, non-private, non-final, nested classes annotated with @Configuration.
12:14:15.436 [Test worker] DEBUG org.springframework.test.context.support.ActiveProfilesUtils - Could not find an 'annotation declaring class' for annotation type [org.springframework.test.context.ActiveProfiles] and class [com.weno.board.web.HelloControllerTest]
12:14:15.510 [Test worker] DEBUG org.springframework.context.annotation.ClassPathScanningCandidateComponentProvider - Identified candidate component class: file [/home/weno/IdeaProjects/SpringbootAwsTest/build/classes/java/main/com/weno/board/Application.class]
12:14:15.511 [Test worker] INFO org.springframework.boot.test.context.SpringBootTestContextBootstrapper - Found @SpringBootConfiguration com.weno.board.Application for test class com.weno.board.web.HelloControllerTest
12:14:15.514 [Test worker] DEBUG org.springframework.boot.test.autoconfigure.web.servlet.WebMvcTestContextBootstrapper - @TestExecutionListeners is not present for class [com.weno.board.web.HelloControllerTest]: using defaults.
12:14:15.514 [Test worker] INFO org.springframework.boot.test.autoconfigure.web.servlet.WebMvcTestContextBootstrapper - Loaded default TestExecutionListener class names from location [META-INF/spring.factories]: [org.springframework.security.test.context.support.WithSecurityContextTestExecutionListener, org.springframework.security.test.context.support.ReactorContextTestExecutionListener, org.springframework.boot.test.autoconfigure.restdocs.RestDocsTestExecutionListener, org.springframework.boot.test.autoconfigure.web.client.MockRestServiceServerResetTestExecutionListener, org.springframework.boot.test.autoconfigure.web.servlet.MockMvcPrintOnlyOnFailureTestExecutionListener, org.springframework.boot.test.autoconfigure.web.servlet.WebDriverTestExecutionListener, org.springframework.boot.test.mock.mockito.MockitoTestExecutionListener, org.springframework.boot.test.mock.mockito.ResetMocksTestExecutionListener, org.springframework.test.context.web.ServletTestExecutionListener, org.springframework.test.context.support.DirtiesContextBeforeModesTestExecutionListener, org.springframework.test.context.support.DependencyInjectionTestExecutionListener, org.springframework.test.context.support.DirtiesContextTestExecutionListener, org.springframework.test.context.transaction.TransactionalTestExecutionListener, org.springframework.test.context.jdbc.SqlScriptsTestExecutionListener]
12:14:15.533 [Test worker] INFO org.springframework.boot.test.autoconfigure.web.servlet.WebMvcTestContextBootstrapper - Using TestExecutionListeners: [org.springframework.test.context.web.ServletTestExecutionListener@6ade120b, org.springframework.test.context.support.DirtiesContextBeforeModesTestExecutionListener@21429407, org.springframework.boot.test.mock.mockito.MockitoTestExecutionListener@48f53cd5, org.springframework.boot.test.autoconfigure.SpringBootDependencyInjectionTestExecutionListener@b27d60b, org.springframework.test.context.support.DirtiesContextTestExecutionListener@1173d32e, org.springframework.test.context.transaction.TransactionalTestExecutionListener@24a49fab, org.springframework.test.context.jdbc.SqlScriptsTestExecutionListener@45561c7e, org.springframework.security.test.context.support.WithSecurityContextTestExecutionListener@70f41d51, org.springframework.security.test.context.support.ReactorContextTestExecutionListener@7f914ac2, org.springframework.boot.test.autoconfigure.restdocs.RestDocsTestExecutionListener@7fc8db5c, org.springframework.boot.test.autoconfigure.web.client.MockRestServiceServerResetTestExecutionListener@a088d37, org.springframework.boot.test.autoconfigure.web.servlet.MockMvcPrintOnlyOnFailureTestExecutionListener@5a4607b2, org.springframework.boot.test.autoconfigure.web.servlet.WebDriverTestExecutionListener@2f749162, org.springframework.boot.test.mock.mockito.ResetMocksTestExecutionListener@165fadeb]
12:14:15.536 [Test worker] DEBUG org.springframework.test.annotation.ProfileValueUtils - Retrieved @ProfileValueSourceConfiguration [null] for test class [com.weno.board.web.HelloControllerTest]
12:14:15.537 [Test worker] DEBUG org.springframework.test.annotation.ProfileValueUtils - Retrieved ProfileValueSource type [class org.springframework.test.annotation.SystemProfileValueSource] for class [com.weno.board.web.HelloControllerTest]
12:14:15.537 [Test worker] DEBUG org.springframework.test.annotation.ProfileValueUtils - Retrieved @ProfileValueSourceConfiguration [null] for test class [com.weno.board.web.HelloControllerTest]
12:14:15.537 [Test worker] DEBUG org.springframework.test.annotation.ProfileValueUtils - Retrieved ProfileValueSource type [class org.springframework.test.annotation.SystemProfileValueSource] for class [com.weno.board.web.HelloControllerTest]
12:14:15.541 [Test worker] DEBUG org.springframework.test.context.support.AbstractDirtiesContextTestExecutionListener - Before test class: context [DefaultTestContext@1af710a5 testClass = HelloControllerTest, testInstance = [null], testMethod = [null], testException = [null], mergedContextConfiguration = [WebMergedContextConfiguration@1dd9087f testClass = HelloControllerTest, locations = '{}', classes = '{class com.weno.board.Application}', contextInitializerClasses = '[]', activeProfiles = '{}', propertySourceLocations = '{}', propertySourceProperties = '{org.springframework.boot.test.autoconfigure.web.servlet.WebMvcTestContextBootstrapper=true}', contextCustomizers = set[org.springframework.boot.test.autoconfigure.OverrideAutoConfigurationContextCustomizerFactory$DisableAutoConfigurationContextCustomizer@53ade48b, org.springframework.boot.test.autoconfigure.filter.TypeExcludeFiltersContextCustomizer@7a69a1c1, org.springframework.boot.test.autoconfigure.properties.PropertyMappingContextCustomizer@d80d82a5, org.springframework.boot.test.autoconfigure.web.servlet.WebDriverContextCustomizerFactory$Customizer@7d796dbb, [ImportsContextCustomizer@8ff9891 key = [org.springframework.boot.autoconfigure.cache.CacheAutoConfiguration, org.springframework.boot.autoconfigure.context.MessageSourceAutoConfiguration, org.springframework.boot.autoconfigure.data.web.SpringDataWebAutoConfiguration, org.springframework.boot.autoconfigure.freemarker.FreeMarkerAutoConfiguration, org.springframework.boot.autoconfigure.groovy.template.GroovyTemplateAutoConfiguration, org.springframework.boot.autoconfigure.gson.GsonAutoConfiguration, org.springframework.boot.autoconfigure.hateoas.HypermediaAutoConfiguration, org.springframework.boot.autoconfigure.http.HttpMessageConvertersAutoConfiguration, org.springframework.boot.autoconfigure.jackson.JacksonAutoConfiguration, org.springframework.boot.autoconfigure.jsonb.JsonbAutoConfiguration, org.springframework.boot.autoconfigure.mustache.MustacheAutoConfiguration, org.springframework.boot.autoconfigure.task.TaskExecutionAutoConfiguration, org.springframework.boot.autoconfigure.thymeleaf.ThymeleafAutoConfiguration, org.springframework.boot.autoconfigure.validation.ValidationAutoConfiguration, org.springframework.boot.autoconfigure.web.servlet.error.ErrorMvcAutoConfiguration, org.springframework.boot.autoconfigure.web.servlet.WebMvcAutoConfiguration, org.springframework.boot.test.autoconfigure.web.servlet.MockMvcAutoConfiguration, org.springframework.boot.test.autoconfigure.web.servlet.MockMvcSecurityAutoConfiguration, org.springframework.boot.test.autoconfigure.web.servlet.MockMvcWebClientAutoConfiguration, org.springframework.boot.test.autoconfigure.web.servlet.MockMvcWebDriverAutoConfiguration]], org.springframework.boot.test.context.filter.ExcludeFilterContextCustomizer@bbcd940, org.springframework.boot.test.json.DuplicateJsonObjectContextCustomizerFactory$DuplicateJsonObjectContextCustomizer@5aa661e5, org.springframework.boot.test.mock.mockito.MockitoContextCustomizer@0], resourceBasePath = 'src/main/webapp', contextLoader = 'org.springframework.boot.test.context.SpringBootContextLoader', parent = [null]], attributes = map[[empty]]], class annotated with @DirtiesContext [false] with mode [null].
12:14:15.542 [Test worker] DEBUG org.springframework.test.annotation.ProfileValueUtils - Retrieved @ProfileValueSourceConfiguration [null] for test class [com.weno.board.web.HelloControllerTest]
12:14:15.542 [Test worker] DEBUG org.springframework.test.annotation.ProfileValueUtils - Retrieved ProfileValueSource type [class org.springframework.test.annotation.SystemProfileValueSource] for class [com.weno.board.web.HelloControllerTest]
12:14:15.545 [Test worker] DEBUG org.springframework.test.context.support.DependencyInjectionTestExecutionListener - Performing dependency injection for test context [[DefaultTestContext@1af710a5 testClass = HelloControllerTest, testInstance = com.weno.board.web.HelloControllerTest@58904c3, testMethod = [null], testException = [null], mergedContextConfiguration = [WebMergedContextConfiguration@1dd9087f testClass = HelloControllerTest, locations = '{}', classes = '{class com.weno.board.Application}', contextInitializerClasses = '[]', activeProfiles = '{}', propertySourceLocations = '{}', propertySourceProperties = '{org.springframework.boot.test.autoconfigure.web.servlet.WebMvcTestContextBootstrapper=true}', contextCustomizers = set[org.springframework.boot.test.autoconfigure.OverrideAutoConfigurationContextCustomizerFactory$DisableAutoConfigurationContextCustomizer@53ade48b, org.springframework.boot.test.autoconfigure.filter.TypeExcludeFiltersContextCustomizer@7a69a1c1, org.springframework.boot.test.autoconfigure.properties.PropertyMappingContextCustomizer@d80d82a5, org.springframework.boot.test.autoconfigure.web.servlet.WebDriverContextCustomizerFactory$Customizer@7d796dbb, [ImportsContextCustomizer@8ff9891 key = [org.springframework.boot.autoconfigure.cache.CacheAutoConfiguration, org.springframework.boot.autoconfigure.context.MessageSourceAutoConfiguration, org.springframework.boot.autoconfigure.data.web.SpringDataWebAutoConfiguration, org.springframework.boot.autoconfigure.freemarker.FreeMarkerAutoConfiguration, org.springframework.boot.autoconfigure.groovy.template.GroovyTemplateAutoConfiguration, org.springframework.boot.autoconfigure.gson.GsonAutoConfiguration, org.springframework.boot.autoconfigure.hateoas.HypermediaAutoConfiguration, org.springframework.boot.autoconfigure.http.HttpMessageConvertersAutoConfiguration, org.springframework.boot.autoconfigure.jackson.JacksonAutoConfiguration, org.springframework.boot.autoconfigure.jsonb.JsonbAutoConfiguration, org.springframework.boot.autoconfigure.mustache.MustacheAutoConfiguration, org.springframework.boot.autoconfigure.task.TaskExecutionAutoConfiguration, org.springframework.boot.autoconfigure.thymeleaf.ThymeleafAutoConfiguration, org.springframework.boot.autoconfigure.validation.ValidationAutoConfiguration, org.springframework.boot.autoconfigure.web.servlet.error.ErrorMvcAutoConfiguration, org.springframework.boot.autoconfigure.web.servlet.WebMvcAutoConfiguration, org.springframework.boot.test.autoconfigure.web.servlet.MockMvcAutoConfiguration, org.springframework.boot.test.autoconfigure.web.servlet.MockMvcSecurityAutoConfiguration, org.springframework.boot.test.autoconfigure.web.servlet.MockMvcWebClientAutoConfiguration, org.springframework.boot.test.autoconfigure.web.servlet.MockMvcWebDriverAutoConfiguration]], org.springframework.boot.test.context.filter.ExcludeFilterContextCustomizer@bbcd940, org.springframework.boot.test.json.DuplicateJsonObjectContextCustomizerFactory$DuplicateJsonObjectContextCustomizer@5aa661e5, org.springframework.boot.test.mock.mockito.MockitoContextCustomizer@0], resourceBasePath = 'src/main/webapp', contextLoader = 'org.springframework.boot.test.context.SpringBootContextLoader', parent = [null]], attributes = map[[empty]]]].
12:14:15.653 [Test worker] DEBUG org.springframework.test.context.support.TestPropertySourceUtils - Adding inlined properties to environment: {spring.jmx.enabled=false, org.springframework.boot.test.autoconfigure.web.servlet.WebMvcTestContextBootstrapper=true, server.port=-1}

  .   ____          _            __ _ _
 /\\ / ___'_ __ _ _(_)_ __  __ _ \ \ \ \
( ( )\___ | '_ | '_| | '_ \/ _` | \ \ \ \
 \\/  ___)| |_)| | | | | || (_| |  ) ) ) )
  '  |____| .__|_| |_|_| |_\__, | / / / /
 =========|_|==============|___/=/_/_/_/
 :: Spring Boot ::        (v2.1.7.RELEASE)

2020-05-03 12:14:15.909  INFO 3695 --- [    Test worker] com.weno.board.web.HelloControllerTest   : Starting HelloControllerTest on weno with PID 3695 (started by weno in /home/weno/IdeaProjects/SpringbootAwsTest)
2020-05-03 12:14:15.917  INFO 3695 --- [    Test worker] com.weno.board.web.HelloControllerTest   : No active profile set, falling back to default profiles: default
2020-05-03 12:14:17.426  INFO 3695 --- [    Test worker] o.s.s.concurrent.ThreadPoolTaskExecutor  : Initializing ExecutorService 'applicationTaskExecutor'
2020-05-03 12:14:17.513  INFO 3695 --- [    Test worker] o.s.b.a.w.s.WelcomePageHandlerMapping    : Adding welcome page template: index
2020-05-03 12:14:17.791  INFO 3695 --- [    Test worker] .s.s.UserDetailsServiceAutoConfiguration : 

Using generated security password: acfa37e0-74e5-4f52-9dba-117fe12d6454

2020-05-03 12:14:18.058  INFO 3695 --- [    Test worker] o.s.s.web.DefaultSecurityFilterChain     : Creating filter chain: any request, [org.springframework.security.web.context.request.async.WebAsyncManagerIntegrationFilter@558848f6, org.springframework.security.web.context.SecurityContextPersistenceFilter@21cdc8af, org.springframework.security.web.header.HeaderWriterFilter@4d8762af, org.springframework.security.web.csrf.CsrfFilter@3d3e5e0b, org.springframework.security.web.authentication.logout.LogoutFilter@131b0873, org.springframework.security.web.authentication.UsernamePasswordAuthenticationFilter@b8924f9, org.springframework.security.web.authentication.ui.DefaultLoginPageGeneratingFilter@1768bba9, org.springframework.security.web.authentication.ui.DefaultLogoutPageGeneratingFilter@761c7361, org.springframework.security.web.authentication.www.BasicAuthenticationFilter@37e9bb39, org.springframework.security.web.savedrequest.RequestCacheAwareFilter@27ca65f3, org.springframework.security.web.servletapi.SecurityContextHolderAwareRequestFilter@1b914b32, org.springframework.security.web.authentication.AnonymousAuthenticationFilter@7e868e2e, org.springframework.security.web.session.SessionManagementFilter@7dd7f821, org.springframework.security.web.access.ExceptionTranslationFilter@7288ac4b, org.springframework.security.web.access.intercept.FilterSecurityInterceptor@2fc78d56]
2020-05-03 12:14:18.106  INFO 3695 --- [    Test worker] o.s.b.t.m.w.SpringBootMockServletContext : Initializing Spring TestDispatcherServlet ''
2020-05-03 12:14:18.107  INFO 3695 --- [    Test worker] o.s.t.web.servlet.TestDispatcherServlet  : Initializing Servlet ''
2020-05-03 12:14:18.121  INFO 3695 --- [    Test worker] o.s.t.web.servlet.TestDispatcherServlet  : Completed initialization in 14 ms
2020-05-03 12:14:18.170  INFO 3695 --- [    Test worker] com.weno.board.web.HelloControllerTest   : Started HelloControllerTest in 2.511 seconds (JVM running for 3.459)
]]></system-out>
  <system-err><![CDATA[]]></system-err>
</testsuite>
