<?xml version="1.0" encoding="UTF-8"?>
<testsuite name="com.weno.board.web.dto.HelloResponseDtoTest" tests="1" skipped="0" failures="0" errors="0" timestamp="2020-05-03T03:14:23" hostname="weno" time="0.003">
  <properties/>
  <testcase name="lombokTest" classname="com.weno.board.web.dto.HelloResponseDtoTest" time="0.003"/>
  <system-out><![CDATA[]]></system-out>
  <system-err><![CDATA[]]></system-err>
</testsuite>
